Connecting to database specified by database.yml
Connecting to database specified by database.yml
  [1m[36m (0.1ms)[0m  [1mselect sqlite_version(*)[0m
  [1m[35m (225.6ms)[0m  CREATE TABLE "schema_migrations" ("version" varchar(255) NOT NULL) 
  [1m[36m (210.1ms)[0m  [1mCREATE UNIQUE INDEX "unique_schema_migrations" ON "schema_migrations" ("version")[0m
  [1m[35m (32.4ms)[0m  SELECT "schema_migrations"."version" FROM "schema_migrations" 
Migrating to CreateUsers (20130920142652)
  [1m[36m (0.1ms)[0m  [1mbegin transaction[0m
  [1m[35m (2.4ms)[0m  CREATE TABLE "users" ("id" INTEGER PRIMARY KEY AUTOINCREMENT NOT NULL, "provider" varchar(255), "uid" varchar(255), "name" varchar(255), "oauth_token" varchar(255), "oauth_expires_at" datetime, "created_at" datetime NOT NULL, "updated_at" datetime NOT NULL) 
  [1m[36m (0.2ms)[0m  [1mINSERT INTO "schema_migrations" ("version") VALUES ('20130920142652')[0m
  [1m[35m (246.7ms)[0m  commit transaction
  [1m[36m (0.1ms)[0m  [1mSELECT "schema_migrations"."version" FROM "schema_migrations" [0m
Connecting to database specified by database.yml


Started GET "/assets/rails.png" for 127.0.0.1 at 2013-09-26 11:42:59 +0200
Served asset /rails.png - 200 OK (45ms)


Started GET "/facebook" for 127.0.0.1 at 2013-09-26 11:53:56 +0200

ActionController::RoutingError (No route matches [GET] "/facebook"):
  actionpack (3.2.13) lib/action_dispatch/middleware/debug_exceptions.rb:21:in `call'
  actionpack (3.2.13) lib/action_dispatch/middleware/show_exceptions.rb:56:in `call'
  railties (3.2.13) lib/rails/rack/logger.rb:32:in `call_app'
  railties (3.2.13) lib/rails/rack/logger.rb:16:in `block in call'
  activesupport (3.2.13) lib/active_support/tagged_logging.rb:22:in `tagged'
  railties (3.2.13) lib/rails/rack/logger.rb:16:in `call'
  actionpack (3.2.13) lib/action_dispatch/middleware/request_id.rb:22:in `call'
  rack (1.4.5) lib/rack/methodoverride.rb:21:in `call'
  rack (1.4.5) lib/rack/runtime.rb:17:in `call'
  activesupport (3.2.13) lib/active_support/cache/strategy/local_cache.rb:72:in `call'
  rack (1.4.5) lib/rack/lock.rb:15:in `call'
  actionpack (3.2.13) lib/action_dispatch/middleware/static.rb:63:in `call'
  railties (3.2.13) lib/rails/engine.rb:479:in `call'
  railties (3.2.13) lib/rails/application.rb:223:in `call'
  rack (1.4.5) lib/rack/content_length.rb:14:in `call'
  railties (3.2.13) lib/rails/rack/log_tailer.rb:17:in `call'
  rack (1.4.5) lib/rack/handler/webrick.rb:59:in `service'
  /home/caroline/.rbenv/versions/1.9.3-p374/lib/ruby/1.9.1/webrick/httpserver.rb:138:in `service'
  /home/caroline/.rbenv/versions/1.9.3-p374/lib/ruby/1.9.1/webrick/httpserver.rb:94:in `run'
  /home/caroline/.rbenv/versions/1.9.3-p374/lib/ruby/1.9.1/webrick/server.rb:191:in `block in start_thread'


  Rendered /home/caroline/.rbenv/versions/1.9.3-p374/lib/ruby/gems/1.9.1/gems/actionpack-3.2.13/lib/action_dispatch/middleware/templates/rescues/routing_error.erb within rescues/layout (15.6ms)
Connecting to database specified by database.yml
Connecting to database specified by database.yml
Connecting to database specified by database.yml
Connecting to database specified by database.yml
Connecting to database specified by database.yml
Connecting to database specified by database.yml
Connecting to database specified by database.yml
Connecting to database specified by database.yml
Connecting to database specified by database.yml


Started GET "/assets/rails.png" for 127.0.0.1 at 2013-10-25 19:10:48 +0200
Served asset /rails.png - 200 OK (55ms)


Started GET "/rails/info/properties" for 127.0.0.1 at 2013-10-25 19:10:55 +0200
  [1m[36m (20.2ms)[0m  [1mSELECT "schema_migrations"."version" FROM "schema_migrations" [0m
Processing by Rails::InfoController#properties as */*
  Rendered inline template (4.2ms)
Completed 200 OK in 78ms (Views: 77.9ms | ActiveRecord: 0.0ms)
Connecting to database specified by database.yml


Started GET "/assets/rails.png" for 127.0.0.1 at 2013-10-25 19:23:39 +0200
Served asset /rails.png - 304 Not Modified (2ms)


Started GET "/users" for 127.0.0.1 at 2013-10-25 19:24:05 +0200

ActionController::RoutingError (No route matches [GET] "/users"):
  actionpack (3.2.13) lib/action_dispatch/middleware/debug_exceptions.rb:21:in `call'
  actionpack (3.2.13) lib/action_dispatch/middleware/show_exceptions.rb:56:in `call'
  railties (3.2.13) lib/rails/rack/logger.rb:32:in `call_app'
  railties (3.2.13) lib/rails/rack/logger.rb:16:in `block in call'
  activesupport (3.2.13) lib/active_support/tagged_logging.rb:22:in `tagged'
  railties (3.2.13) lib/rails/rack/logger.rb:16:in `call'
  actionpack (3.2.13) lib/action_dispatch/middleware/request_id.rb:22:in `call'
  rack (1.4.5) lib/rack/methodoverride.rb:21:in `call'
  rack (1.4.5) lib/rack/runtime.rb:17:in `call'
  activesupport (3.2.13) lib/active_support/cache/strategy/local_cache.rb:72:in `call'
  rack (1.4.5) lib/rack/lock.rb:15:in `call'
  actionpack (3.2.13) lib/action_dispatch/middleware/static.rb:63:in `call'
  railties (3.2.13) lib/rails/engine.rb:479:in `call'
  railties (3.2.13) lib/rails/application.rb:223:in `call'
  rack (1.4.5) lib/rack/content_length.rb:14:in `call'
  railties (3.2.13) lib/rails/rack/log_tailer.rb:17:in `call'
  rack (1.4.5) lib/rack/handler/webrick.rb:59:in `service'
  /home/caroline/.rbenv/versions/1.9.3-p374/lib/ruby/1.9.1/webrick/httpserver.rb:138:in `service'
  /home/caroline/.rbenv/versions/1.9.3-p374/lib/ruby/1.9.1/webrick/httpserver.rb:94:in `run'
  /home/caroline/.rbenv/versions/1.9.3-p374/lib/ruby/1.9.1/webrick/server.rb:191:in `block in start_thread'


  Rendered /home/caroline/.rbenv/versions/1.9.3-p374/lib/ruby/gems/1.9.1/gems/actionpack-3.2.13/lib/action_dispatch/middleware/templates/rescues/routing_error.erb within rescues/layout (29.1ms)
Connecting to database specified by database.yml
Connecting to database specified by database.yml
  [1m[36m (2.1ms)[0m  [1mSELECT "schema_migrations"."version" FROM "schema_migrations" [0m
Migrating to CreateUsers (20130920142652)
  [1m[35m (0.1ms)[0m  select sqlite_version(*)
  [1m[36m (0.1ms)[0m  [1mSELECT "schema_migrations"."version" FROM "schema_migrations" [0m
Connecting to database specified by database.yml


Started GET "/assets/rails.png" for 127.0.0.1 at 2013-10-25 19:31:16 +0200
Served asset /rails.png - 304 Not Modified (2ms)
Connecting to database specified by database.yml
Connecting to database specified by database.yml


Started GET "/assets/rails.png" for 127.0.0.1 at 2013-10-25 21:03:41 +0200
Served asset /rails.png - 304 Not Modified (2ms)


Started GET "/assets/rails.png" for 127.0.0.1 at 2013-10-25 21:03:45 +0200
Served asset /rails.png - 304 Not Modified (0ms)


Started GET "/auth/facebook" for 127.0.0.1 at 2013-10-25 21:06:27 +0200
(facebook) Request phase initiated.
Connecting to database specified by database.yml


Started GET "/assets/rails.png" for 127.0.0.1 at 2013-10-25 21:23:35 +0200
Served asset /rails.png - 304 Not Modified (2ms)


Started GET "/assets/rails.png" for 127.0.0.1 at 2013-10-25 21:23:40 +0200
Served asset /rails.png - 304 Not Modified (0ms)


Started GET "/rails/info/properties" for 127.0.0.1 at 2013-10-25 21:23:45 +0200
  [1m[36m (2.2ms)[0m  [1mSELECT "schema_migrations"."version" FROM "schema_migrations" [0m
Processing by Rails::InfoController#properties as */*
  Rendered inline template (3.6ms)
Completed 200 OK in 39ms (Views: 38.5ms | ActiveRecord: 0.0ms)


Started GET "/auth/facebook" for 127.0.0.1 at 2013-10-25 21:24:06 +0200
(facebook) Request phase initiated.
Connecting to database specified by database.yml


Started GET "/assets/rails.png" for 127.0.0.1 at 2013-10-25 23:22:04 +0200
Served asset /rails.png - 200 OK (3ms)
Connecting to database specified by database.yml


Started GET "/" for 127.0.0.1 at 2013-10-25 23:23:09 +0200
Processing by WelcomeController#index as HTML
  Rendered welcome/index.html.erb within layouts/application (3.8ms)
Compiled application.css  (1ms)  (pid 21227)
Compiled jquery.js  (3ms)  (pid 21227)
Compiled jquery_ujs.js  (0ms)  (pid 21227)
Compiled application.js  (52ms)  (pid 21227)
Completed 200 OK in 321ms (Views: 320.2ms | ActiveRecord: 0.0ms)


Started GET "/assets/application.css?body=1" for 127.0.0.1 at 2013-10-25 23:23:09 +0200
Served asset /application.css - 200 OK (11ms)


Started GET "/assets/jquery.js?body=1" for 127.0.0.1 at 2013-10-25 23:23:09 +0200
Served asset /jquery.js - 200 OK (4ms)


Started GET "/assets/jquery_ujs.js?body=1" for 127.0.0.1 at 2013-10-25 23:23:09 +0200
Served asset /jquery_ujs.js - 200 OK (2ms)


Started GET "/assets/application.js?body=1" for 127.0.0.1 at 2013-10-25 23:23:09 +0200
Served asset /application.js - 200 OK (20ms)


Started GET "/auth/facebook" for 127.0.0.1 at 2013-10-25 23:23:19 +0200
(facebook) Request phase initiated.
Connecting to database specified by database.yml


Started GET "/" for 127.0.0.1 at 2013-10-25 23:55:45 +0200
Processing by WelcomeController#index as HTML
  Rendered welcome/index.html.erb within layouts/application (3.8ms)
Completed 200 OK in 77ms (Views: 76.4ms | ActiveRecord: 0.0ms)


Started GET "/assets/jquery.js?body=1" for 127.0.0.1 at 2013-10-25 23:55:45 +0200
Served asset /jquery.js - 304 Not Modified (6ms)


Started GET "/auth/facebook" for 127.0.0.1 at 2013-10-25 23:55:50 +0200
(facebook) Request phase initiated.
Connecting to database specified by database.yml


Started GET "/" for 127.0.0.1 at 2013-10-25 23:57:26 +0200
Processing by WelcomeController#index as HTML
  Rendered welcome/index.html.erb within layouts/application (3.7ms)
Completed 200 OK in 57ms (Views: 56.3ms | ActiveRecord: 0.0ms)


Started GET "/assets/application.css?body=1" for 127.0.0.1 at 2013-10-25 23:57:26 +0200
Served asset /application.css - 304 Not Modified (7ms)


Started GET "/assets/jquery_ujs.js?body=1" for 127.0.0.1 at 2013-10-25 23:57:26 +0200
Served asset /jquery_ujs.js - 304 Not Modified (2ms)


Started GET "/assets/jquery.js?body=1" for 127.0.0.1 at 2013-10-25 23:57:26 +0200
Served asset /jquery.js - 304 Not Modified (4ms)


Started GET "/assets/application.js?body=1" for 127.0.0.1 at 2013-10-25 23:57:26 +0200
Served asset /application.js - 304 Not Modified (7ms)


Started GET "/auth/facebook" for 127.0.0.1 at 2013-10-25 23:57:32 +0200
(facebook) Request phase initiated.


Started GET "/" for 127.0.0.1 at 2013-10-25 23:59:33 +0200
Processing by WelcomeController#index as HTML
  Rendered welcome/index.html.erb within layouts/application (0.1ms)
Completed 200 OK in 7ms (Views: 6.8ms | ActiveRecord: 0.0ms)


Started GET "/assets/application.css?body=1" for 127.0.0.1 at 2013-10-25 23:59:33 +0200
Served asset /application.css - 304 Not Modified (0ms)


Started GET "/assets/jquery.js?body=1" for 127.0.0.1 at 2013-10-25 23:59:33 +0200
Served asset /jquery.js - 304 Not Modified (1ms)


Started GET "/assets/jquery_ujs.js?body=1" for 127.0.0.1 at 2013-10-25 23:59:33 +0200
Served asset /jquery_ujs.js - 304 Not Modified (0ms)


Started GET "/assets/application.js?body=1" for 127.0.0.1 at 2013-10-25 23:59:33 +0200
Served asset /application.js - 304 Not Modified (3ms)


Started GET "/auth/facebook" for 127.0.0.1 at 2013-10-25 23:59:38 +0200
(facebook) Request phase initiated.


Started GET "/auth/facebook/callback?code=AQA1Cxh-Eema1DtoDF5IwH7qPGXbBFNnUWR5HOn0t78t3yONIRv21zDaM3WVu1K04dop88trXfXWBQy7xY3Ge52fYWszWJcbbHmfQ8fTb6S6gRkwKebQDa97qLPNPWThfUgYwZQSJB5tCEjh-9oe5ppGpV83vRk64hOvOv4bbs0uAM1SbRrn7yzMCn79U9SbmdOZCe4vM-yv6ok3kIr_vNOTNXDkV9hwtP_YcVpEqQjIVcD5SXuYkDbLb7p844Epv7Veyfg0hw4pQdpICeohFnATeRJA4RbMJUP00XIQwJWOiQhQrvkH0acdW2z0luz6T9Q&state=78b6175bf2565f8a828819cf3e6b84e693226c93630097f1" for 127.0.0.1 at 2013-10-25 23:59:49 +0200
(facebook) Callback phase initiated.
Processing by SessionsController#create as HTML
  Parameters: {"code"=>"AQA1Cxh-Eema1DtoDF5IwH7qPGXbBFNnUWR5HOn0t78t3yONIRv21zDaM3WVu1K04dop88trXfXWBQy7xY3Ge52fYWszWJcbbHmfQ8fTb6S6gRkwKebQDa97qLPNPWThfUgYwZQSJB5tCEjh-9oe5ppGpV83vRk64hOvOv4bbs0uAM1SbRrn7yzMCn79U9SbmdOZCe4vM-yv6ok3kIr_vNOTNXDkV9hwtP_YcVpEqQjIVcD5SXuYkDbLb7p844Epv7Veyfg0hw4pQdpICeohFnATeRJA4RbMJUP00XIQwJWOiQhQrvkH0acdW2z0luz6T9Q", "state"=>"78b6175bf2565f8a828819cf3e6b84e693226c93630097f1", "provider"=>"facebook"}
  [1m[36mUser Load (0.2ms)[0m  [1mSELECT "users".* FROM "users" WHERE "users"."provider" = 'facebook' AND "users"."uid" = '100000126705274' LIMIT 1[0m
  [1m[35m (0.1ms)[0m  begin transaction
  [1m[36mSQL (219.6ms)[0m  [1mINSERT INTO "users" ("created_at", "name", "oauth_expires_at", "oauth_token", "provider", "uid", "updated_at") VALUES (?, ?, ?, ?, ?, ?, ?)[0m  [["created_at", Fri, 25 Oct 2013 21:59:50 UTC +00:00], ["name", "Caroline Visoto Nunes"], ["oauth_expires_at", Tue, 24 Dec 2013 21:59:48 UTC +00:00], ["oauth_token", "CAACd0zwm31EBAKZB505LnEDxvR0WCUPLwBpRUc32ZAZApyRLBBUdo09kM37cDpLS7zy97qr6mj7Xygz5dtkS4pMLlXt2v5nBroz4ny7XQNTK05oK9tEL0MFQ4SCEOn7S0l5EW6AwiXw9LQtbDZA9B6bjcVDV9xdkkPcKhaZCHPGIqcZBeaYupq"], ["provider", "facebook"], ["uid", "100000126705274"], ["updated_at", Fri, 25 Oct 2013 21:59:50 UTC +00:00]]
  [1m[35m (304.1ms)[0m  commit transaction
Redirected to http://localhost:3000/
Completed 302 Found in 692ms (ActiveRecord: 527.3ms)


Started GET "/" for 127.0.0.1 at 2013-10-25 23:59:51 +0200
Processing by WelcomeController#index as HTML
  Rendered welcome/index.html.erb within layouts/application (0.1ms)
  [1m[36mUser Load (0.3ms)[0m  [1mSELECT "users".* FROM "users" WHERE "users"."id" = ? LIMIT 1[0m  [["id", 1]]
Completed 200 OK in 8ms (Views: 7.6ms | ActiveRecord: 0.3ms)


Started GET "/assets/application.css?body=1" for 127.0.0.1 at 2013-10-25 23:59:51 +0200
Served asset /application.css - 304 Not Modified (0ms)


Started GET "/assets/jquery.js?body=1" for 127.0.0.1 at 2013-10-25 23:59:51 +0200
Served asset /jquery.js - 304 Not Modified (2ms)


Started GET "/assets/jquery_ujs.js?body=1" for 127.0.0.1 at 2013-10-25 23:59:51 +0200
Served asset /jquery_ujs.js - 304 Not Modified (0ms)


Started GET "/assets/application.js?body=1" for 127.0.0.1 at 2013-10-25 23:59:51 +0200
Served asset /application.js - 304 Not Modified (1ms)
Connecting to database specified by database.yml


Started GET "/" for 127.0.0.1 at 2013-10-29 16:30:38 +0100
Processing by WelcomeController#index as HTML
  Rendered welcome/index.html.erb within layouts/application (4.4ms)
Completed 200 OK in 253ms (Views: 252.3ms | ActiveRecord: 0.0ms)


Started GET "/assets/application.css?body=1" for 127.0.0.1 at 2013-10-29 16:30:39 +0100
Served asset /application.css - 304 Not Modified (4ms)


Started GET "/assets/jquery_ujs.js?body=1" for 127.0.0.1 at 2013-10-29 16:30:39 +0100
Served asset /jquery_ujs.js - 304 Not Modified (2ms)


Started GET "/assets/application.js?body=1" for 127.0.0.1 at 2013-10-29 16:30:39 +0100
Served asset /application.js - 304 Not Modified (7ms)


Started GET "/assets/jquery.js?body=1" for 127.0.0.1 at 2013-10-29 16:30:39 +0100
Served asset /jquery.js - 304 Not Modified (9ms)


Started GET "/auth/facebook" for 127.0.0.1 at 2013-10-29 16:30:43 +0100
(facebook) Request phase initiated.


Started GET "/auth/facebook/callback?code=AQA89xOOL0n9r9jLLzyY4wT7NPFyuqO9jP1iZpkBf-qXJ8vTEhur7BOBCfldeFyAdu0nWrGip1PeSqnFJfglvwHB5eR_TaLve_oPfxD22S5E7TVQnh3edUfVEOG2Y3gqAKyUvBrSGzhgAepSxvdXFrSwAjMOfKC2j5KkFMkTqZ0PMJjDY6U_zJvrZ8U7NCYu-VirF-ytERN8pOwHMwqgfPEroR1tMh7BjMrG-kZo6nDVcmNssPnlBS2jLK0Mewc1WHfquu2tZp3x79pvD92XVmlctOYQM4qfpYQElxyJ8yZ5UuYX3vrf_4saCyuvUINQhBw&state=7772b07ed9e6aaa9f7905af800ed891c244bb52d2cb57add" for 127.0.0.1 at 2013-10-29 16:30:44 +0100
(facebook) Callback phase initiated.
Processing by SessionsController#create as HTML
  Parameters: {"code"=>"AQA89xOOL0n9r9jLLzyY4wT7NPFyuqO9jP1iZpkBf-qXJ8vTEhur7BOBCfldeFyAdu0nWrGip1PeSqnFJfglvwHB5eR_TaLve_oPfxD22S5E7TVQnh3edUfVEOG2Y3gqAKyUvBrSGzhgAepSxvdXFrSwAjMOfKC2j5KkFMkTqZ0PMJjDY6U_zJvrZ8U7NCYu-VirF-ytERN8pOwHMwqgfPEroR1tMh7BjMrG-kZo6nDVcmNssPnlBS2jLK0Mewc1WHfquu2tZp3x79pvD92XVmlctOYQM4qfpYQElxyJ8yZ5UuYX3vrf_4saCyuvUINQhBw", "state"=>"7772b07ed9e6aaa9f7905af800ed891c244bb52d2cb57add", "provider"=>"facebook"}
  [1m[36mUser Load (0.3ms)[0m  [1mSELECT "users".* FROM "users" WHERE "users"."provider" = 'facebook' AND "users"."uid" = '100000126705274' LIMIT 1[0m
  [1m[35m (0.1ms)[0m  begin transaction
  [1m[36m (17.4ms)[0m  [1mUPDATE "users" SET "oauth_token" = 'CAACd0zwm31EBAMwuEssDz3ClEAZB61yV1QaTVSrQLQo0pZBQE8G8K4f90xBYQwnaJQpOqTfXkBlGMoGd9XNjm9Hld3GBsZAVPpR5AIWJvpEPEsivlLe0GjChQhGKQAGwVKSZA0R9EISLMagzn90A0KLsIigFO1ukZBsJnZC7rgvZBCWrhVNiZAfl', "oauth_expires_at" = '2013-12-24 21:59:49.000000', "updated_at" = '2013-10-29 15:30:46.327116' WHERE "users"."id" = 1[0m
  [1m[35m (214.0ms)[0m  commit transaction
Redirected to http://localhost:3000/
Completed 302 Found in 558ms (ActiveRecord: 235.8ms)


Started GET "/" for 127.0.0.1 at 2013-10-29 16:30:46 +0100
Processing by WelcomeController#index as HTML
  Rendered welcome/index.html.erb within layouts/application (0.0ms)
  [1m[36mUser Load (0.4ms)[0m  [1mSELECT "users".* FROM "users" WHERE "users"."id" = ? LIMIT 1[0m  [["id", 1]]
Completed 200 OK in 8ms (Views: 7.2ms | ActiveRecord: 0.4ms)


Started GET "/assets/application.css?body=1" for 127.0.0.1 at 2013-10-29 16:30:46 +0100
Served asset /application.css - 304 Not Modified (0ms)


Started GET "/assets/jquery.js?body=1" for 127.0.0.1 at 2013-10-29 16:30:46 +0100
Served asset /jquery.js - 304 Not Modified (1ms)


Started GET "/assets/jquery_ujs.js?body=1" for 127.0.0.1 at 2013-10-29 16:30:46 +0100
Served asset /jquery_ujs.js - 304 Not Modified (0ms)


Started GET "/assets/application.js?body=1" for 127.0.0.1 at 2013-10-29 16:30:46 +0100
Served asset /application.js - 304 Not Modified (1ms)
